2026-06-18 00:00:23  C:\Users\WORK---PC\Desktop\Techpadie\prisma\schema.prisma
2026-06-18 00:00:32  C:\Users\WORK---PC\Desktop\Techpadie\.env.local
2026-06-18 00:01:23  C:\Users\WORK---PC\Desktop\Techpadie\prisma\schema.prisma
2026-06-18 00:13:55  C:\Users\WORK---PC\Desktop\Techpadie\app\lib\api-response.ts
2026-06-18 00:21:55  C:\Users\WORK---PC\Desktop\Techpadie\app\lib\api-response.ts
2026-06-18 00:26:49  C:\Users\WORK---PC\Desktop\Techpadie\app\lib\email.ts
2026-06-18 00:43:31  C:\Users\WORK---PC\Desktop\Techpadie\app\server\services\auth.service.ts
2026-06-18 00:44:01  C:\Users\WORK---PC\Desktop\Techpadie\app\api\auth\login\route.ts
2026-06-18 00:44:10  C:\Users\WORK---PC\Desktop\Techpadie\app\server\services\auth.service.ts
2026-06-18 00:44:29  C:\Users\WORK---PC\Desktop\Techpadie\app\server\services\auth.service.ts
2026-06-18 00:53:16  C:\Users\WORK---PC\Desktop\Techpadie\app\creator\courses\page.tsx
2026-06-18 00:53:49  C:\Users\WORK---PC\Desktop\Techpadie\app\creator\courses\new\page.tsx
2026-06-18 00:56:49  C:\Users\WORK---PC\Desktop\Techpadie\app\creator\courses\[courseId]\page.tsx
2026-06-18 00:57:03  C:\Users\WORK---PC\Desktop\Techpadie\app\creator\courses\[courseId]\page.tsx
2026-06-18 00:57:17  C:\Users\WORK---PC\Desktop\Techpadie\app\creator\courses\[courseId]\page.tsx
2026-06-18 00:57:28  C:\Users\WORK---PC\Desktop\Techpadie\app\creator\courses\[courseId]\page.tsx
2026-06-18 00:57:47  C:\Users\WORK---PC\Desktop\Techpadie\app\creator\courses\[courseId]\page.tsx
2026-06-18 00:57:55  C:\Users\WORK---PC\Desktop\Techpadie\app\creator\courses\[courseId]\page.tsx
2026-06-18 00:58:05  C:\Users\WORK---PC\Desktop\Techpadie\app\creator\courses\[courseId]\page.tsx
2026-06-18 09:10:29  C:\Users\WORK---PC\Desktop\Techpadie\app\creator\courses\[courseId]\page.tsx
2026-06-18 09:10:57  C:\Users\WORK---PC\Desktop\Techpadie\app\creator\courses\page.tsx
2026-06-18 09:11:05  C:\Users\WORK---PC\Desktop\Techpadie\app\creator\courses\page.tsx
